This is XeTeXk, Version 3.141592-2.2-0.996 (Web2C 7.5.6) (format=xelatex 2007.7.13)  12 MAR 2009 20:51
entering extended mode
 %&-line parsing enabled.
**ImplementierungInput.tex
(./ImplementierungInput.tex
LaTeX2e <2005/12/01>
Babel <v3.8h> and hyphenation patterns for english, usenglishmax, dumylang, noh
yphenation, arabic, basque, bulgarian, coptic, welsh, czech, slovak, german, ng
erman, danish, esperanto, spanish, catalan, galician, estonian, farsi, finnish,
 french, greek, monogreek, ancientgreek, croatian, hungarian, interlingua, ibyc
us, indonesian, icelandic, italian, latin, mongolian, dutch, norsk, polish, por
tuguese, pinyin, romanian, russian, slovenian, uppersorbian, serbian, swedish, 
turkish, ukenglish, ukrainian, loaded.
! Undefined control sequence.
l.1 \chapter
            {Input \& Interpretation} % (fold)
? 
! Emergency stop.
l.1 \chapter
            {Input \& Interpretation} % (fold)
End of file on the terminal!

 
Here is how much of TeX's memory you used:
 4 strings out of 94863
 94 string characters out of 1171490
 46799 words of memory out of 1500000
 3287 multiletter control sequences out of 10000+50000
 3640 words of font info for 14 fonts, out of 1200000 for 2000
 605 hyphenation exceptions out of 8191
 5i,0n,1p,69b,8s stack positions out of 5000i,500n,6000p,200000b,5000s
No pages of output.
