\BOOKMARK [-1][-]{part.1}{Grundlagen}{}
\BOOKMARK [0][-]{chapter.1}{Articulation Work}{part.1}
\BOOKMARK [1][-]{section.1.1}{Begriffsbestimmung}{chapter.1}
\BOOKMARK [1][-]{section.1.2}{Kontext}{chapter.1}
\BOOKMARK [1][-]{section.1.3}{Arten von Articulation Work}{chapter.1}
\BOOKMARK [1][-]{section.1.4}{Unterstützung von Articulation Work}{chapter.1}
\BOOKMARK [2][-]{subsection.1.4.1}{Papertitel / Titel des Forschungsprojekts}{section.1.4}
\BOOKMARK [2][-]{subsection.1.4.2}{Work and the Division of Labor}{section.1.4}
\BOOKMARK [2][-]{subsection.1.4.3}{Gegenüberstellung und Zusammenfassung}{section.1.4}
\BOOKMARK [1][-]{section.1.5}{Fazit}{chapter.1}
\BOOKMARK [-1][-]{part.2}{Umsetzung}{}
\BOOKMARK [0][-]{chapter.2}{Grundlagen der Implementierung}{part.2}
\BOOKMARK [1][-]{section.2.1}{Tangible Interfaces}{chapter.2}
\BOOKMARK [2][-]{subsection.2.1.1}{Taxonomien zur Einordnung von Tangible Interfaces}{section.2.1}
\BOOKMARK [1][-]{section.2.2}{Tabletop Interfaces}{chapter.2}
\BOOKMARK [2][-]{subsection.2.2.1}{Historische Entwicklung}{section.2.2}
\BOOKMARK [1][-]{section.2.3}{Tangible Interfaces zur Modellbildung}{chapter.2}
\BOOKMARK [2][-]{subsection.2.3.1}{Aktuelle verwandte Ansätze}{section.2.3}
\BOOKMARK [0][-]{chapter.3}{Input und Interpretation}{part.2}
\BOOKMARK [1][-]{section.3.1}{Möglichkeiten zur Erfassung von Benutzerinteraktion}{chapter.3}
\BOOKMARK [2][-]{subsection.3.1.1}{In Frage kommende technologische Ansätze}{section.3.1}
\BOOKMARK [2][-]{subsection.3.1.2}{In Frage kommende Frameworks}{section.3.1}
\BOOKMARK [2][-]{subsection.3.1.3}{Technologieentscheidung}{section.3.1}
\BOOKMARK [1][-]{section.3.2}{Konzeption und Umsetzung der Hardwarekomponenten}{chapter.3}
\BOOKMARK [2][-]{subsection.3.2.1}{Überblick}{section.3.2}
\BOOKMARK [2][-]{subsection.3.2.2}{Tokens und Input-Werkzeuge}{section.3.2}
\BOOKMARK [2][-]{subsection.3.2.3}{Input auf der Tischoberfläche}{section.3.2}
\BOOKMARK [1][-]{section.3.3}{Benutzerinteraktion mit dem Werkzeug}{chapter.3}
\BOOKMARK [2][-]{subsection.3.3.1}{Hinzufügen und Verändern von Modellelementen}{section.3.3}
\BOOKMARK [2][-]{subsection.3.3.2}{Benennen von Modellelementen}{section.3.3}
\BOOKMARK [2][-]{subsection.3.3.3}{Verbinden von Modellelementen}{section.3.3}
\BOOKMARK [2][-]{subsection.3.3.4}{Löschen von Elementen und Verbindungen}{section.3.3}
\BOOKMARK [2][-]{subsection.3.3.5}{Einbettung von Zusatzinformation}{section.3.3}
\BOOKMARK [2][-]{subsection.3.3.6}{Kontrolle der Modellierungshistorie}{section.3.3}
\BOOKMARK [1][-]{section.3.4}{Erfassung der Benutzerinteraktion durch Software}{chapter.3}
\BOOKMARK [2][-]{subsection.3.4.1}{Interpretation der Rohdaten}{section.3.4}
\BOOKMARK [2][-]{subsection.3.4.2}{Stabilisierung der Erkennungsleistung}{section.3.4}
\BOOKMARK [2][-]{subsection.3.4.3}{Erkennung von Markierungen und Verbindungen}{section.3.4}
\BOOKMARK [2][-]{subsection.3.4.4}{Erkennung von geöffneten Tokens}{section.3.4}
\BOOKMARK [2][-]{subsection.3.4.5}{Benennung von Modellelementen}{section.3.4}
\BOOKMARK [2][-]{subsection.3.4.6}{Festlegung der Bedeutung von Modellelementen}{section.3.4}
\BOOKMARK [2][-]{subsection.3.4.7}{Tracking des Modellzustandes}{section.3.4}
\BOOKMARK [2][-]{subsection.3.4.8}{Verteilung des Modellzustandes}{section.3.4}
\BOOKMARK [1][-]{section.3.5}{Zusammenfassung}{chapter.3}
\BOOKMARK [0][-]{chapter.4}{Ausgabe}{part.2}
\BOOKMARK [1][-]{section.4.1}{Auszugebende Information}{chapter.4}
\BOOKMARK [1][-]{section.4.2}{Technologische Grundlage der Ausgabe}{chapter.4}
\BOOKMARK [2][-]{subsection.4.2.1}{Ansätze zur kohärenten Ausgabe}{section.4.2}
\BOOKMARK [2][-]{subsection.4.2.2}{Frameworks zur Ausgabe}{section.4.2}
\BOOKMARK [1][-]{section.4.3}{Ausgabe von Information}{chapter.4}
\BOOKMARK [2][-]{subsection.4.3.1}{Konzept}{section.4.3}
\BOOKMARK [2][-]{subsection.4.3.2}{Architekur}{section.4.3}
\BOOKMARK [2][-]{subsection.4.3.3}{Ausgabe von Information zum Modell}{section.4.3}
\BOOKMARK [2][-]{subsection.4.3.4}{Ausgabe zur Kontrolle des Systems}{section.4.3}
\BOOKMARK [1][-]{section.4.4}{Umsetzung der Ausgabe mit Software}{chapter.4}
\BOOKMARK [2][-]{subsection.4.4.1}{Ausgabe des Modellzustands}{section.4.4}
\BOOKMARK [2][-]{subsection.4.4.2}{Weitere Ausgabekanäle}{section.4.4}
\BOOKMARK [0][-]{chapter.5}{Persistierung}{part.2}
\BOOKMARK [1][-]{section.5.1}{Möglichkeiten der Persistenzsicherung}{chapter.5}
\BOOKMARK [1][-]{section.5.2}{Topic Maps}{chapter.5}
\BOOKMARK [2][-]{subsection.5.2.1}{Topics, Subjects, Topic Names und Variants}{section.5.2}
\BOOKMARK [2][-]{subsection.5.2.2}{Associations und Roles}{section.5.2}
\BOOKMARK [2][-]{subsection.5.2.3}{Occurrences und Datatypes}{section.5.2}
\BOOKMARK [2][-]{subsection.5.2.4}{Metamodellierung in Topic Maps}{section.5.2}
\BOOKMARK [2][-]{subsection.5.2.5}{Statements und Scopes}{section.5.2}
\BOOKMARK [2][-]{subsection.5.2.6}{Reification}{section.5.2}
\BOOKMARK [2][-]{subsection.5.2.7}{Merging}{section.5.2}
\BOOKMARK [1][-]{section.5.3}{Abbildung von Modellen auf Topic Maps}{chapter.5}
\BOOKMARK [2][-]{subsection.5.3.1}{Grundlegende Abbildung}{section.5.3}
\BOOKMARK [2][-]{subsection.5.3.2}{Abbildung des Metamodells}{section.5.3}
\BOOKMARK [2][-]{subsection.5.3.3}{Abgrenzung von Submodellen}{section.5.3}
\BOOKMARK [2][-]{subsection.5.3.4}{Flexibilisierung der Abbildung}{section.5.3}
\BOOKMARK [1][-]{section.5.4}{Technische Umsetzung der Persistierung von Modellen}{chapter.5}
\BOOKMARK [2][-]{subsection.5.4.1}{Topic Map Engine}{section.5.4}
\BOOKMARK [2][-]{subsection.5.4.2}{Dynamische Metamodelle}{section.5.4}
\BOOKMARK [2][-]{subsection.5.4.3}{Persistierung}{section.5.4}
\BOOKMARK [1][-]{section.5.5}{Zusammenfassung}{chapter.5}
\BOOKMARK [-1][-]{part.3}{Evaluierung}{}
\BOOKMARK [0][-]{chapter.6}{Untersuchungsdesign}{part.3}
\BOOKMARK [1][-]{section.6.1}{Frage 1 – Unterstützung von Articulation Work}{chapter.6}
\BOOKMARK [1][-]{section.6.2}{Frage 2 – Beitrag und Verwendung der Teilwerkzeuge}{chapter.6}
\BOOKMARK [1][-]{section.6.3}{Untersuchungsablauf}{chapter.6}
\BOOKMARK [2][-]{subsection.6.3.1}{Phase 1 – Verwendbarkeit}{section.6.3}
\BOOKMARK [2][-]{subsection.6.3.2}{Phase 2 – Lehr- und Lern-Szenarien}{section.6.3}
\BOOKMARK [2][-]{subsection.6.3.3}{Phase 3 – Unternehmenseinsatz}{section.6.3}
\BOOKMARK [0][-]{chapter.7}{Untersuchungsergebnisse}{part.3}
\BOOKMARK [1][-]{section.7.1}{Erhobene Daten}{chapter.7}
\BOOKMARK [2][-]{subsection.7.1.1}{Phase 1}{section.7.1}
\BOOKMARK [2][-]{subsection.7.1.2}{Phase 2}{section.7.1}
\BOOKMARK [2][-]{subsection.7.1.3}{Phase 3}{section.7.1}
\BOOKMARK [1][-]{section.7.2}{Auswertung \046 Interpretation}{chapter.7}
\BOOKMARK [0][-]{chapter*.71}{Literaturverzeichnis}{part.3}
\BOOKMARK [0][-]{chapter*.71}{Index}{part.3}
\BOOKMARK [-1][-]{chapter*.71}{Anhang}{}
\BOOKMARK [0][-]{appendix.A}{Abbildungquellen}{chapter*.71}
