This is XeTeXk, Version 3.141592-2.2-0.996 (Web2C 7.5.6) (format=xelatex 2007.7.13)  22 APR 2009 14:02
entering extended mode
 file:line:error style messages enabled.
 %&-line parsing enabled.
**Schrift.tex
(./Schrift.tex
LaTeX2e <2005/12/01>
Babel <v3.8h> and hyphenation patterns for english, usenglishmax, dumylang, noh
yphenation, arabic, basque, bulgarian, coptic, welsh, czech, slovak, german, ng
erman, danish, esperanto, spanish, catalan, galician, estonian, farsi, finnish,
 french, greek, monogreek, ancientgreek, croatian, hungarian, interlingua, ibyc
us, indonesian, icelandic, italian, latin, mongolian, dutch, norsk, polish, por
tuguese, pinyin, romanian, russian, slovenian, uppersorbian, serbian, swedish, 
turkish, ukenglish, ukrainian, loaded.
(/usr/local/texlive/2007/texmf-dist/tex/latex/koma-script/scrreprt.cls
Document Class: scrreprt 2006/07/30 v2.95b KOMA-Script document class (report)
(/usr/local/texlive/2007/texmf-dist/tex/latex/koma-script/scrkbase.sty
Package: scrkbase 2006/07/30 v2.95b KOMA-Script package (basics and keyval use)


(/usr/local/texlive/2007/texmf-dist/tex/latex/koma-script/scrlfile.sty
Package: scrlfile 2006/03/28 v2.95 KOMA-Script package (loading files)

Package scrlfile, 2006/03/28 v2.95 KOMA-Script package (loading files)
                  Copyright (C) Markus Kohm

) (/usr/local/texlive/2007/texmf-dist/tex/latex/graphics/keyval.sty
Package: keyval 1999/03/16 v1.13 key=value parser (DPC)
\KV@toks@=\toks14
))
Package scrkbase Info: You've used the obsolete option `footnosepline'.
(scrkbase)             \KOMAoptions{footsepline=false} will be used instead.
(scrkbase)             You should do this change too on input line 631.
Package scrkbase Info: You've used the obsolete option `cleardoubleempty'.
(scrkbase)             \KOMAoptions{cleardoublepage=empty} will be used instead
.
(scrkbase)             You should do this change too on input line 631.
Package scrkbase Info: You've used the obsolete option `12pt'.
(scrkbase)             \KOMAoptions{fontsize=12pt} will be used instead.
(scrkbase)             You should do this change too on input line 631.

(/usr/local/texlive/2007/texmf-dist/tex/latex/base/size12.clo
File: size12.clo 2005/09/16 v1.4f Standard LaTeX file (size option)
)
(/usr/local/texlive/2007/texmf-dist/tex/latex/koma-script/typearea.sty
Package: typearea 2006/07/30 v2.95b KOMA-Script package (type area)

Package typearea, 2006/07/30 v2.95b KOMA-Script package (type area)
                  Copyright (C) Frank Neukam, 1992-1994
                  Copyright (C) Markus Kohm, 1994-2002

\ta@bcor=\skip41
\ta@div=\count79
Package scrkbase Info: You've used the obsolete option `a4paper'.
(scrkbase)             \KOMAoptions{paper=a4} will be used instead.
(scrkbase)             You should do this change too on input line 419.
\ta@hblk=\skip42
\ta@vblk=\skip43
\ta@temp=\skip44
Package typearea Info: These are the values describing the layout:
(typearea)             DIV  = 12
(typearea)             BCOR = 0.0pt
(typearea)             \paperwidth      = 597.50793pt
(typearea)              \textwidth      = 448.13095pt
(typearea)              DIV-departure   = -6/100
(typearea)              \evensidemargin = 27.31467pt
(typearea)              \oddsidemargin  = -22.47766pt
(typearea)             \paperheight     = 845.04694pt
(typearea)              \textheight     = 606.5pt
(typearea)              \topmargin      = -1.84941pt
(typearea)              \headheight     = 18.125pt
(typearea)              \headsep        = 21.75pt
(typearea)              \topskip        = 12.0pt
(typearea)              \footskip       = 50.75pt
(typearea)              \baselineskip   = 14.5pt
(typearea)              on input line 832.
)
\c@part=\count80
\c@chapter=\count81
\c@section=\count82
\c@subsection=\count83
\c@subsubsection=\count84
\c@paragraph=\count85
\c@subparagraph=\count86
\abovecaptionskip=\skip45
\belowcaptionskip=\skip46
\c@pti@nb@sid@b@x=\box26
\c@figure=\count87
\c@table=\count88
\bibindent=\dimen102
) (/Users/oppl/Library/texmf/tex/latex/pdfsync.sty
Package: pdfsync 2004/01/31 v0.6
\PDFPOS=\write3
\PDFSYNC@folio=\count89
\PDFSYNC@rder=\count90
)
(/usr/local/texlive/2007/texmf-dist/tex/generic/german/ngerman.sty
v2.5e 1998-07-08
Package: ngerman 1998/07/08 v2.5e Support for writing german texts (br)
\grmnU@D=\dimen103
ngerman -- \language number for naustrian undefined, default 12 used.
)
(/usr/local/texlive/2007/texmf-dist/tex/generic/babel/babel.sty
Package: babel 2005/11/23 v3.8h The Babel package

(/usr/local/texlive/2007/texmf-dist/tex/generic/babel/ngermanb.ldf
Language: ngermanb 2004/02/20 v2.6m new German support from the babel system

(/usr/local/texlive/2007/texmf-dist/tex/generic/babel/babel.def
File: babel.def 2005/11/23 v3.8h Babel common definitions
\babel@savecnt=\count91
\U@D=\dimen104
)))
(/usr/local/texlive/2007/texmf-dist/tex/latex/tools/multicol.sty
Package: multicol 2006/05/18 v1.6g multicolumn formatting (FMi)
\c@tracingmulticols=\count92
\mult@box=\box27
\multicol@leftmargin=\dimen105
\c@unbalance=\count93
\c@collectmore=\count94
\doublecol@number=\count95
\multicoltolerance=\count96
\multicolpretolerance=\count97
\full@width=\dimen106
\page@free=\dimen107
\premulticols=\dimen108
\postmulticols=\dimen109
\multicolsep=\skip47
\multicolbaselineskip=\skip48
\partial@page=\box28
\last@line=\box29
\mult@rightbox=\box30
\mult@grightbox=\box31
\mult@gfirstbox=\box32
\mult@firstbox=\box33
\@tempa=\box34
\@tempa=\box35
\@tempa=\box36
\@tempa=\box37
\@tempa=\box38
\@tempa=\box39
\@tempa=\box40
\@tempa=\box41
\@tempa=\box42
\@tempa=\box43
\@tempa=\box44
\@tempa=\box45
\@tempa=\box46
\@tempa=\box47
\@tempa=\box48
\@tempa=\box49
\@tempa=\box50
\c@columnbadness=\count98
\c@finalcolumnbadness=\count99
\last@try=\dimen110
\multicolovershoot=\dimen111
\multicolundershoot=\dimen112
\mult@nat@firstbox=\box51
\colbreak@box=\box52
)
(/usr/local/texlive/2007/texmf-dist/tex/latex/base/makeidx.sty
Package: makeidx 2000/03/29 v1.0m Standard LaTeX package
)
(/usr/local/texlive/2007/texmf-dist/tex/latex/koma-script/scrpage2.sty
Package: scrpage2 2006/03/29 v2.2c LaTeX2e KOMA-Script package
LaTeX Info: Redefining \pagemark on input line 134.
)
(/usr/local/texlive/2007/texmf-dist/tex/latex/natbib/natbib.sty
Package: natbib 2007/02/05 8.0 (PWD)
\bibhang=\skip49
\bibsep=\skip50
LaTeX Info: Redefining \cite on input line 602.
\c@NAT@ctr=\count100
)
(/usr/local/texlive/2007/texmf-dist/tex/latex/ltxmisc/boxedminipage.sty)
(/usr/local/texlive/2007/texmf-dist/tex/latex/listings/listings.sty
\lst@mode=\count101
\lst@gtempboxa=\box53
\lst@token=\toks15
\lst@length=\count102
\lst@currlwidth=\dimen113
\lst@column=\count103
\lst@pos=\count104
\lst@lostspace=\dimen114
\lst@width=\dimen115
\lst@newlines=\count105
\lst@lineno=\count106
\c@lstlisting=\count107
\lst@maxwidth=\dimen116

(/usr/local/texlive/2007/texmf-dist/tex/latex/listings/lstpatch.sty
File: lstpatch.sty 2004/10/17 1.3b (Carsten Heinz)
)
(/usr/local/texlive/2007/texmf-dist/tex/latex/listings/lstmisc.sty
File: lstmisc.sty 2004/09/07 1.3 (Carsten Heinz)
\c@lstnumber=\count108
\lst@skipnumbers=\count109
\lst@framebox=\box54
)
(/usr/local/texlive/2007/texmf-dist/tex/latex/listings/listings.cfg
File: listings.cfg 2004/09/05 1.3 listings configuration
))
Package: listings 2004/10/17 1.3b (Carsten Heinz)

(/usr/local/texlive/2007/texmf-dist/tex/latex/minitoc/minitoc.sty
Package: minitoc 2007/01/09 v51 Package minitoc (JPFD)

(/usr/local/texlive/2007/texmf-dist/tex/latex/minitoc/mtcmess.sty
Package: mtcmess 2006/03/14
)
Package minitoc Info: <I0001>
(minitoc)             *** minitoc package, version 51 ***.
\tf@mtc=\write4
\mtcindent=\skip51
\mtcskipamount=\skip52
Package minitoc Info: <I0005>
(minitoc)             compatible with hyperref.
Package minitoc Info: <I0023>
(minitoc)             part level macros available.
Package minitoc Info: <I0003>
(minitoc)             chapter level macros available.
\mtc@toks=\toks16
\mtc@strutbox=\box55
\mtc@hstrutbox=\box56
Package minitoc Info: <I0002>
(minitoc)             Autoconfiguration of extensions.
\openout4 = `Schrift.mtc1'.

\openout4 = `Schrift.mtc'.


(./Schrift.mtc1)
Package minitoc Info: <I0012>
(minitoc)             Long extensions (Unix-like) will be used.
Package minitoc Info: <I0031>
(minitoc)             ==> this version is configured for UNIX-like 
(minitoc)                 (long extensions) file names.
\openout4 = `Schrift.mtc'.

\openout4 = `Schrift.mtc1'.

\c@mtc=\count110
\c@minitocdepth=\count111
\c@ptc=\count112
\c@parttocdepth=\count113
\ptcindent=\skip53
Package minitoc Info: <I0010>
(minitoc)             The english language is selected.
(minitoc)              on input line 4684.

(/usr/local/texlive/2007/texmf-dist/tex/latex/minitoc/english.mld
File: english.mld 2006/01/13
)
(/usr/local/texlive/2007/texmf-dist/tex/latex/minitoc/english.mld
File: english.mld 2006/01/13
))
(/usr/local/texlive/2007/texmf-dist/tex/xelatex/fontspec/fontspec.sty
Package: fontspec 2006/12/24 v1.13 Advanced font selection for XeLaTeX

(/usr/local/texlive/2007/texmf-dist/tex/generic/ifxetex/ifxetex.sty
Package: ifxetex 2006/08/21 v0.3 Provides ifxetex conditional
)
\c@zf@newff=\count114
\c@zf@index=\count115
\c@zf@script=\count116
\c@zf@language=\count117

(/usr/local/texlive/2007/texmf-dist/tex/latex/tools/calc.sty
Package: calc 2005/08/06 v4.2 Infix arithmetic (KKT,FJ)
\calc@Acount=\count118
\calc@Bcount=\count119
\calc@Adimen=\dimen117
\calc@Bdimen=\dimen118
\calc@Askip=\skip54
\calc@Bskip=\skip55
LaTeX Info: Redefining \setlength on input line 75.
LaTeX Info: Redefining \addtolength on input line 76.
\calc@Ccount=\count120
\calc@Cskip=\skip56
)
(/usr/local/texlive/2007/texmf-dist/tex/latex/xkeyval/xkeyval.sty
Package: xkeyval 2006/11/18 v2.5f package option processing (HA)

(/usr/local/texlive/2007/texmf-dist/tex/latex/xkeyval/xkeyval.tex
\XKV@toks=\toks17
\XKV@depth=\count121
File: xkeyval.tex 2006/11/18 v2.5f key=value parser (HA)
))
(/usr/local/texlive/2007/texmf-dist/tex/latex/lm/lmodern.sty
Package: lmodern 2007/01/14 v1.3 Latin Modern Fonts
LaTeX Font Info:    Overwriting symbol font `operators' in version `normal'
(Font)                  OT1/cmr/m/n --> OT1/lmr/m/n on input line 13.
LaTeX Font Info:    Overwriting symbol font `letters' in version `normal'
(Font)                  OML/cmm/m/it --> OML/lmm/m/it on input line 14.
LaTeX Font Info:    Overwriting symbol font `symbols' in version `normal'
(Font)                  OMS/cmsy/m/n --> OMS/lmsy/m/n on input line 15.
LaTeX Font Info:    Overwriting symbol font `largesymbols' in version `normal'
(Font)                  OMX/cmex/m/n --> OMX/lmex/m/n on input line 16.
LaTeX Font Info:    Overwriting symbol font `operators' in version `bold'
(Font)                  OT1/cmr/bx/n --> OT1/lmr/bx/n on input line 17.
LaTeX Font Info:    Overwriting symbol font `letters' in version `bold'
(Font)                  OML/cmm/b/it --> OML/lmm/b/it on input line 18.
LaTeX Font Info:    Overwriting symbol font `symbols' in version `bold'
(Font)                  OMS/cmsy/b/n --> OMS/lmsy/b/n on input line 19.
LaTeX Font Info:    Overwriting symbol font `largesymbols' in version `bold'
(Font)                  OMX/cmex/m/n --> OMX/lmex/m/n on input line 20.
LaTeX Font Info:    Overwriting math alphabet `\mathbf' in version `normal'
(Font)                  OT1/cmr/bx/n --> OT1/lmr/bx/n on input line 22.
LaTeX Font Info:    Overwriting math alphabet `\mathsf' in version `normal'
(Font)                  OT1/cmss/m/n --> OT1/lmss/m/n on input line 23.
LaTeX Font Info:    Overwriting math alphabet `\mathit' in version `normal'
(Font)                  OT1/cmr/m/it --> OT1/lmr/m/it on input line 24.
LaTeX Font Info:    Overwriting math alphabet `\mathtt' in version `normal'
(Font)                  OT1/cmtt/m/n --> OT1/lmtt/m/n on input line 25.
LaTeX Font Info:    Overwriting math alphabet `\mathbf' in version `bold'
(Font)                  OT1/cmr/bx/n --> OT1/lmr/bx/n on input line 26.
LaTeX Font Info:    Overwriting math alphabet `\mathsf' in version `bold'
(Font)                  OT1/cmss/bx/n --> OT1/lmss/bx/n on input line 27.
LaTeX Font Info:    Overwriting math alphabet `\mathit' in version `bold'
(Font)                  OT1/cmr/bx/it --> OT1/lmr/bx/it on input line 28.
LaTeX Font Info:    Overwriting math alphabet `\mathtt' in version `bold'
(Font)                  OT1/cmtt/m/n --> OT1/lmtt/m/n on input line 29.
)
(/usr/local/texlive/2007/texmf-dist/tex/latex/base/fontenc.sty
Package: fontenc 2005/09/27 v1.99g Standard LaTeX package

(/usr/local/texlive/2007/texmf-dist/tex/xelatex/euenc/eu1enc.def
File: eu1enc.def 2006/08/13 v0.1a Experimental unicode font encoding
)
LaTeX Font Info:    Try loading font information for EU1+lmr on input line 100.


(/usr/local/texlive/2007/texmf-dist/tex/xelatex/euenc/lm/eu1lmr.fd
File: eu1lmr.fd 2007/01/14 v1.3 Font defs for Latin Modern
))
LaTeX Info: Redefining \itshape on input line 1050.
LaTeX Info: Redefining \slshape on input line 1053.
LaTeX Info: Redefining \scshape on input line 1056.
LaTeX Info: Redefining \upshape on input line 1059.

fontspec.cfg loaded.
(/Users/oppl/Library/texmf/tex/xelatex/fontspec.cfg))
\c@zf@famc@Hoefler Text=\count122
Package fontspec Info: Defining font family for "Hoefler Text" with options [Ma
pping=tex-text,] on input line 26.
\c@zf@famc@Gill Sans=\count123
Package fontspec Info: Defining font family for "Gill Sans" with options [Mappi
ng=tex-text,] on input line 29.
\c@zf@famc@Monaco=\count124
Package fontspec Info: Defining font family for "Monaco" with options [Mapping=
tex-text,] on input line 31.
Package fontspec Info: Could not resolve font Monaco/B (it might not exist) on 
input line 31.
Package fontspec Info: Could not resolve font Monaco/I (it might not exist) on 
input line 31.
Package fontspec Info: Could not resolve font Monaco/BI (it might not exist) on
 input line 31.
\@indexfile=\write5
\openout5 = `Schrift.idx'.


Writing index file Schrift.idx
(/usr/local/texlive/2007/texmf-dist/tex/generic/oberdiek/ifpdf.sty
Package: ifpdf 2006/02/20 v1.4 Provides the ifpdf switch (HO)
Package ifpdf Info: pdfTeX in pdf mode not detected.
)
(/usr/local/texlive/2007/texmf-dist/tex/latex/graphics/graphicx.sty
Package: graphicx 1999/02/16 v1.0f Enhanced LaTeX Graphics (DPC,SPQR)

(/usr/local/texlive/2007/texmf-dist/tex/latex/graphics/graphics.sty
Package: graphics 2006/02/20 v1.0o Standard LaTeX Graphics (DPC,SPQR)

(/usr/local/texlive/2007/texmf-dist/tex/latex/graphics/trig.sty
Package: trig 1999/03/16 v1.09 sin cos tan (DPC)
)
(/usr/local/texlive/2007/texmf/tex/latex/config/graphics.cfg
File: graphics.cfg 2007/01/18 v1.5 graphics configuration of teTeX/TeXLive
)
Package graphics Info: Driver file: xetex.def on input line 90.

(/usr/local/texlive/2007/texmf-dist/tex/xelatex/graphics/xetex.def
File: xetex.def 2006/08/10 v0.92 LaTeX color/graphics driver for XeTeX (RRM, mo
d. JK)
))
\Gin@req@height=\dimen119
\Gin@req@width=\dimen120
)
(/usr/local/texlive/2007/texmf-dist/tex/latex/geometry/geometry.sty
Package: geometry 2002/07/08 v3.2 Page Geometry
\Gm@cnth=\count125
\Gm@cntv=\count126
\c@Gm@tempcnt=\count127
\Gm@bindingoffset=\dimen121
\Gm@wd@mp=\dimen122
\Gm@odd@mp=\dimen123
\Gm@even@mp=\dimen124
\Gm@dimlist=\toks18

(/usr/local/texlive/2007/texmf-dist/tex/xelatex/xetexconfig/geometry.cfg))
(/usr/local/texlive/2007/texmf-dist/tex/latex/microtype/microtype.sty
Package: microtype 2007/01/21 v2.0 Micro-typography with pdfTeX (RS)


Package microtype Warning: You don't seem to be using pdftex.
(microtype)                All micro-typographic features will be disabled.

) (/usr/local/texlive/2007/texmf-dist/tex/latex/graphics/color.sty
Package: color 2005/11/14 v1.0j Standard LaTeX Color (DPC)

(/usr/local/texlive/2007/texmf/tex/latex/config/color.cfg
File: color.cfg 2007/01/18 v1.5 color configuration of teTeX/TeXLive
)
Package color Info: Driver file: xetex.def on input line 130.
)
(/usr/local/texlive/2007/texmf-dist/tex/latex/hyperref/hyperref.sty
Package: hyperref 2007/02/07 v6.75r Hypertext links for LaTeX
\@linkdim=\dimen125
\Hy@linkcounter=\count128
\Hy@pagecounter=\count129

(/usr/local/texlive/2007/texmf-dist/tex/latex/hyperref/pd1enc.def
File: pd1enc.def 2007/02/07 v6.75r Hyperref: PDFDocEncoding definition (HO)
)
(/usr/local/texlive/2007/texmf/tex/latex/config/hyperref.cfg
File: hyperref.cfg 2002/06/06 v1.2 hyperref configuration of TeXLive
)
(/usr/local/texlive/2007/texmf-dist/tex/latex/oberdiek/kvoptions.sty
Package: kvoptions 2006/08/22 v2.4 Connects package keyval with LaTeX options (
HO)
)
Package hyperref Info: Option `bookmarks' set `true' on input line 2238.
Package hyperref Info: Hyper figures OFF on input line 2288.
Package hyperref Info: Link nesting OFF on input line 2293.
Package hyperref Info: Hyper index ON on input line 2296.
Package hyperref Info: Plain pages OFF on input line 2303.
Package hyperref Info: Backreferencing OFF on input line 2308.

Implicit mode ON; LaTeX internals redefined
Package hyperref Info: Bookmarks ON on input line 2444.
(/usr/local/texlive/2007/texmf-dist/tex/xelatex/xetexurl/url.sty
\Urlmuskip=\muskip10
Package: url 2004/03/15  ver 3.1  Verb mode for urls, etc.
)
LaTeX Info: Redefining \url on input line 2599.
\Fld@menulength=\count130
\Field@Width=\dimen126
\Fld@charsize=\dimen127
\Choice@toks=\toks19
\Field@toks=\toks20
Package hyperref Info: Hyper figures OFF on input line 3102.
Package hyperref Info: Link nesting OFF on input line 3107.
Package hyperref Info: Hyper index ON on input line 3110.
Package hyperref Info: backreferencing OFF on input line 3117.
Package hyperref Info: Link coloring OFF on input line 3122.
\Hy@abspage=\count131
\c@Item=\count132
\c@Hfootnote=\count133
)
*hyperref using default driver hdvipdfm*
(/usr/local/texlive/2007/texmf-dist/tex/latex/hyperref/hdvipdfm.def
File: hdvipdfm.def 2007/02/07 v6.75r Hyperref driver for dvipdfm
\pdfm@box=\box57
\Fld@listcount=\count134
)
(/usr/local/texlive/2007/texmf/tex/latex/glossaries/base/glossaries.sty
Package: glossaries 2009/04/16 v2.0 (NLCT)

(/usr/local/texlive/2007/texmf-dist/tex/latex/base/ifthen.sty
Package: ifthen 2001/05/26 v1.1c Standard LaTeX ifthen package (DPC)
)
(/usr/local/texlive/2007/texmf/tex/latex/glossaries/base/mfirstuc.sty
Package: mfirstuc 2008/12/22 v1.03 (NLCT)
)
(/usr/local/texlive/2007/texmf/tex/latex/glossaries/xfor.sty
Package: xfor 2009/02/05 v1.05 (NLCT)
)
(/usr/local/texlive/2007/texmf-dist/tex/latex/amsmath/amsgen.sty
File: amsgen.sty 1999/11/30 v2.0
\@emptytoks=\toks21
\ex@=\dimen128
)
(/usr/local/texlive/2007/texmf/tex/latex/glossaries/base/glossaries-babel.sty
Package: glossaries-babel 2009/04/16 v1.2 (NLCT)
)
\gls@level=\count135
\@gls@tmpb=\toks22
\gls@tmplen=\skip57
\istfile=\write6

(/usr/local/texlive/2007/texmf/tex/latex/glossaries/styles/glossary-hypernav.st
y
Package: glossary-hypernav 2007/07/04 v1.01 (NLCT)
) (/usr/local/texlive/2007/texmf/tex/latex/glossaries/styles/glossary-list.sty
Package: glossary-list 2009/01/14 v1.05 (NLCT)
\glslistdottedwidth=\skip58
) (/usr/local/texlive/2007/texmf/tex/latex/glossaries/styles/glossary-long.sty
Package: glossary-long 2009/01/14 v1.03 (NLCT)

(/usr/local/texlive/2007/texmf-dist/tex/latex/tools/longtable.sty
Package: longtable 2004/02/01 v4.11 Multi-page Table package (DPC)
\LTleft=\skip59
\LTright=\skip60
\LTpre=\skip61
\LTpost=\skip62
\LTchunksize=\count136
\LTcapwidth=\dimen129
\LT@head=\box58
\LT@firsthead=\box59
\LT@foot=\box60
\LT@lastfoot=\box61
\LT@cols=\count137
\LT@rows=\count138
\c@LT@tables=\count139
\c@LT@chunks=\count140
\LT@p@ftn=\toks23
)
Class scrreprt Info: longtable captions redefined on input line 43.
\glsdescwidth=\skip63
\glspagelistwidth=\skip64
)
(/usr/local/texlive/2007/texmf/tex/latex/glossaries/styles/glossary-super.sty
Package: glossary-super 2009/01/14 v1.03 (NLCT)

(/usr/local/texlive/2007/texmf-dist/tex/latex/supertabular/supertabular.sty
Package: supertabular 2004/02/20 v4.1e the supertabular environment
\c@tracingst=\count141
\ST@wd=\dimen130
\ST@rightskip=\skip65
\ST@leftskip=\skip66
\ST@parfillskip=\skip67
\ST@pageleft=\dimen131
\ST@headht=\dimen132
\ST@tailht=\dimen133
\ST@pagesofar=\dimen134
\ST@pboxht=\dimen135
\ST@lineht=\dimen136
\ST@stretchht=\dimen137
\ST@prevht=\dimen138
\ST@toadd=\dimen139
\ST@dimen=\dimen140
\ST@pbox=\box62
))
(/usr/local/texlive/2007/texmf/tex/latex/glossaries/styles/glossary-tree.sty
Package: glossary-tree 2009/01/14 v1.01 (NLCT)
\glstreeindent=\skip68
))
\glo@main@file=\write7
\openout7 = `Schrift.glo'.

Package glossaries Info: Writing glossary file Schrift.glo on input line 57.
\glo@acronym@file=\write8
\openout8 = `Schrift.acn'.

Package glossaries Info: Writing glossary file Schrift.acn on input line 57.

\@input{Acronyme.aux}
\openout2 = `Acronyme.aux'.

(./Acronyme.tex) (./Schrift.aux (./Grundlagen.aux) (./Werkzeug.aux)
(./Evaluierung.aux) (./AnhangBildquellen.aux))
\openout1 = `Schrift.aux'.

LaTeX Font Info:    Checking defaults for OML/cmm/m/it on input line 136.
LaTeX Font Info:    ... okay on input line 136.
LaTeX Font Info:    Checking defaults for T1/cmr/m/n on input line 136.
LaTeX Font Info:    ... okay on input line 136.
LaTeX Font Info:    Checking defaults for OT1/cmr/m/n on input line 136.
LaTeX Font Info:    ... okay on input line 136.
LaTeX Font Info:    Checking defaults for OMS/cmsy/m/n on input line 136.
LaTeX Font Info:    ... okay on input line 136.
LaTeX Font Info:    Checking defaults for OMX/cmex/m/n on input line 136.
LaTeX Font Info:    ... okay on input line 136.
LaTeX Font Info:    Checking defaults for U/cmr/m/n on input line 136.
LaTeX Font Info:    ... okay on input line 136.
LaTeX Font Info:    Checking defaults for EU1/lmr/m/n on input line 136.
LaTeX Font Info:    ... okay on input line 136.
LaTeX Font Info:    Checking defaults for PD1/pdf/m/n on input line 136.
LaTeX Font Info:    ... okay on input line 136.
**** pdfsync.sty: Synchronization is enabled.
\openout3 = `Schrift.pdfsync'.

**** pdfsync.sty: Synchronizing par
**** pdfsync.sty: Synchronizing math
**** pdfsync.sty: Synchronizing hbox
**** pdfsync.sty: Synchronizing extra
Package minitoc(hints) Info: <I0049>
(minitoc(hints))             ==> You requested the hints option 
(minitoc(hints))             Some hints are eventually given below.
Package minitoc(hints) Info: <I0043>
(minitoc(hints))             --- The KOMAScript scrreprt class is loaded. 
(minitoc(hints))             See the minitoc package documentation 
(minitoc(hints))             for specific precautions.


Package minitoc(hints) Warning: <W0030>
(minitoc(hints))                --- The \part command is altered 
(minitoc(hints))                after minitoc.


Package minitoc(hints) Warning: <W0023>
(minitoc(hints))                --- It may be the consequence 
(minitoc(hints))                of loading the ``hyperref'' package.


Package minitoc(hints) Warning: <W0028>
(minitoc(hints))                --- The \chapter command is altered 
(minitoc(hints))                after minitoc.


Package minitoc(hints) Warning: <W0023>
(minitoc(hints))                --- It may be the consequence 
(minitoc(hints))                of loading the ``hyperref'' package.

\symlegacymaths=\mathgroup4
LaTeX Font Info:    Overwriting symbol font `legacymaths' in version `bold'
(Font)                  OT1/cmr/m/n --> OT1/cmr/bx/n on input line 136.
LaTeX Font Info:    Redeclaring math accent \acute on input line 136.
LaTeX Font Info:    Redeclaring math accent \grave on input line 136.
LaTeX Font Info:    Redeclaring math accent \ddot on input line 136.
LaTeX Font Info:    Redeclaring math accent \tilde on input line 136.
LaTeX Font Info:    Redeclaring math accent \bar on input line 136.
LaTeX Font Info:    Redeclaring math accent \breve on input line 136.
LaTeX Font Info:    Redeclaring math accent \check on input line 136.
LaTeX Font Info:    Redeclaring math accent \hat on input line 136.
LaTeX Font Info:    Redeclaring math accent \dot on input line 136.
LaTeX Font Info:    Redeclaring math accent \mathring on input line 136.
LaTeX Font Info:    Redeclaring math symbol \colon on input line 136.
LaTeX Font Info:    Redeclaring math symbol \Gamma on input line 136.
LaTeX Font Info:    Redeclaring math symbol \Delta on input line 136.
LaTeX Font Info:    Redeclaring math symbol \Theta on input line 136.
LaTeX Font Info:    Redeclaring math symbol \Lambda on input line 136.
LaTeX Font Info:    Redeclaring math symbol \Xi on input line 136.
LaTeX Font Info:    Redeclaring math symbol \Pi on input line 136.
LaTeX Font Info:    Redeclaring math symbol \Sigma on input line 136.
LaTeX Font Info:    Redeclaring math symbol \Upsilon on input line 136.
LaTeX Font Info:    Redeclaring math symbol \Phi on input line 136.
LaTeX Font Info:    Redeclaring math symbol \Psi on input line 136.
LaTeX Font Info:    Redeclaring math symbol \Omega on input line 136.
LaTeX Font Info:    Redeclaring math symbol \mathdollar on input line 136.
LaTeX Font Info:    Redeclaring symbol font `operators' on input line 136.
LaTeX Font Info:    Encoding `OT1' has changed to `EU1' for symbol font
(Font)              `operators' in the math version `normal' on input line 136.

LaTeX Font Info:    Overwriting symbol font `operators' in version `normal'
(Font)                  OT1/lmr/m/n --> EU1/HoeflerText(0)/m/n on input line 13
6.
LaTeX Font Info:    Encoding `OT1' has changed to `EU1' for symbol font
(Font)              `operators' in the math version `bold' on input line 136.
LaTeX Font Info:    Overwriting symbol font `operators' in version `bold'
(Font)                  OT1/lmr/bx/n --> EU1/HoeflerText(0)/m/n on input line 1
36.
LaTeX Font Info:    Overwriting symbol font `operators' in version `normal'
(Font)                  EU1/HoeflerText(0)/m/n --> EU1/HoeflerText(0)/m/n on in
put line 136.
LaTeX Font Info:    Overwriting math alphabet `\mathrm' in version `normal'
(Font)                  EU1/HoeflerText(0)/m/n --> EU1/HoeflerText(0)/m/n on in
put line 136.
LaTeX Font Info:    Overwriting math alphabet `\mathit' in version `normal'
(Font)                  OT1/lmr/m/it --> EU1/HoeflerText(0)/m/it on input line 
136.
LaTeX Font Info:    Overwriting math alphabet `\mathbf' in version `normal'
(Font)                  OT1/lmr/bx/n --> EU1/HoeflerText(0)/bx/n on input line 
136.
LaTeX Font Info:    Overwriting math alphabet `\mathsf' in version `normal'
(Font)                  OT1/lmss/m/n --> EU1/GillSans(0)/m/n on input line 136.

LaTeX Font Info:    Overwriting math alphabet `\mathtt' in version `normal'
(Font)                  OT1/lmtt/m/n --> EU1/Monaco(0)/m/n on input line 136.
LaTeX Font Info:    Overwriting symbol font `operators' in version `bold'
(Font)                  EU1/HoeflerText(0)/m/n --> EU1/HoeflerText(0)/bx/n on i
nput line 136.
LaTeX Font Info:    Overwriting math alphabet `\mathrm' in version `bold'
(Font)                  EU1/HoeflerText(0)/m/n --> EU1/HoeflerText(0)/bx/n on i
nput line 136.
LaTeX Font Info:    Overwriting math alphabet `\mathit' in version `bold'
(Font)                  OT1/lmr/bx/it --> EU1/HoeflerText(0)/bx/it on input lin
e 136.
LaTeX Font Info:    Overwriting math alphabet `\mathsf' in version `bold'
(Font)                  OT1/lmss/bx/n --> EU1/GillSans(0)/bx/n on input line 13
6.
LaTeX Font Info:    Overwriting math alphabet `\mathtt' in version `bold'
(Font)                  OT1/lmtt/m/n --> EU1/Monaco(0)/bx/n on input line 136.
-------------------- Geometry parameters
paper: a4paper
landscape: --
twocolumn: --
twoside: true
asymmetric: --
h-parts: 71.70166pt, 0.7\paperwidth , 107.55254pt (default)
v-parts: 101.40665pt, 0.7\paperheight , 152.11pt (default)
hmarginratio: 2:3
vmarginratio: 2:3
lines: --
heightrounded: --
bindingoffset: 0.0pt
truedimen: --
includehead: --
includefoot: --
includemp: --
driver: pdftex
-------------------- Page layout dimensions and switches
\paperwidth  597.50787pt
\paperheight 845.04684pt
\textwidth  418.25368pt
\textheight 591.5302pt
\oddsidemargin  -0.56833pt
\evensidemargin 35.28255pt
\topmargin  -10.73834pt
\headheight 18.125pt
\headsep    21.75pt
\footskip   50.75pt
\marginparwidth 74.68849pt
\marginparsep   12.8401pt
\columnsep  10.0pt
\skip\footins  10.8pt plus 4.0pt minus 2.0pt
\hoffset 0.0pt
\voffset 0.0pt
\mag 1000
\@twosidetrue \@mparswitchtrue 
(1in=72.27pt, 1cm=28.45pt)
-----------------------
Package hyperref Info: Link coloring OFF on input line 136.
(/usr/local/texlive/2007/texmf-dist/tex/latex/hyperref/nameref.sty
Package: nameref 2006/12/27 v2.28 Cross-referencing by name of section

(/usr/local/texlive/2007/texmf-dist/tex/latex/oberdiek/refcount.sty
Package: refcount 2006/02/20 v3.0 Data extraction from references (HO)
)
\c@section@level=\count142
)
LaTeX Info: Redefining \ref on input line 136.
LaTeX Info: Redefining \pageref on input line 136.

(./Schrift.out) (./Schrift.out)
\@outlinefile=\write9
\openout9 = `Schrift.out'.

LaTeX Font Info:    Try loading font information for OML+lmm on input line 141.


(/usr/local/texlive/2007/texmf-dist/tex/latex/lm/omllmm.fd
File: omllmm.fd 2007/01/14 v1.3 Font defs for Latin Modern
)
LaTeX Font Info:    Try loading font information for OMS+lmsy on input line 141
.

(/usr/local/texlive/2007/texmf-dist/tex/latex/lm/omslmsy.fd
File: omslmsy.fd 2007/01/14 v1.3 Font defs for Latin Modern
)
LaTeX Font Info:    Try loading font information for OMX+lmex on input line 141
.

(/usr/local/texlive/2007/texmf-dist/tex/latex/lm/omxlmex.fd
File: omxlmex.fd 2007/01/14 v1.3 Font defs for Latin Modern
)
LaTeX Font Info:    External font `lmex10' loaded for size
(Font)              <17.28> on input line 141.
LaTeX Font Info:    External font `lmex10' loaded for size
(Font)              <12> on input line 141.
LaTeX Font Info:    External font `lmex10' loaded for size
(Font)              <10> on input line 141.

Underfull \hbox (badness 10000) has occurred while \output is active
[][]
 []

[1

\openout6 = `Schrift.ist'.





]
Underfull \hbox (badness 10000) has occurred while \output is active
[][]
 []

[2

] (./Schrift.toc
LaTeX Font Info:    Font shape `EU1/HoeflerText(0)/m/sl' undefined
(Font)              using `EU1/HoeflerText(0)/m/n' instead on input line 180.
LaTeX Font Info:    External font `lmex10' loaded for size
(Font)              <8> on input line 180.
LaTeX Font Info:    External font `lmex10' loaded for size
(Font)              <6> on input line 180.
 [1


]) [2] (./Schrift.toc [3


] [4]
Overfull \hbox (0.25174pt too wide) detected at line 141
[][] []\EU1/HoeflerText(0)/m/sl/12 100
 []

[5])
\tf@toc=\write10
\openout10 = `Schrift.toc'.

 [6] (./Schrift.lof
LaTeX Font Info:    Try loading font information for OT1+HoeflerText(0) on inpu
t line 13.
LaTeX Font Info:    No file OT1HoeflerText(0).fd. on input line 13.
LaTeX Font Info:    Font shape `OT1/HoeflerText(0)/m/n' undefined
(Font)              using `OT1/cmr/m/n' instead on input line 13.

Overfull \hbox (0.25174pt too wide) detected at line 30
[][] []\EU1/HoeflerText(0)/m/sl/12 100
 []

)
\tf@lof=\write11
\openout11 = `Schrift.lof'.

 [7


]
Underfull \hbox (badness 10000) has occurred while \output is active
[][]
 []

[8


] (./Schrift.lot)
\tf@lot=\write12
\openout12 = `Schrift.lot'.

 [9]
Underfull \hbox (badness 10000) has occurred while \output is active
[][]
 []

[10


]
\openout2 = `Grundlagen.aux'.

 (./Grundlagen.tex [1



]
Underfull \hbox (badness 10000) has occurred while \output is active
[][]
 []

[2] (./ArticulationWork.tex
Kapitel 1.

Overfull \hbox (0.54674pt too wide) in paragraph at lines 4--5
\EU1/HoeflerText(0)/m/sl/12 In diesem Kapitel wird das Konzept ‚ÄûArticulation 
Work‚Äú dargestellt und in den Kon-
 []


Overfull \hbox (0.96338pt too wide) in paragraph at lines 4--5
\EU1/HoeflerText(0)/m/sl/12 sich gute ‚ÄûArticulation Work‚Äú zeigt, sowie den 
M√∂glichkeiten der Unterst√ºtzung von
 []

LaTeX Font Info:    External font `lmex10' loaded for size
(Font)              <7> on input line 9.
LaTeX Font Info:    External font `lmex10' loaded for size
(Font)              <5> on input line 9.

Underfull \hbox (badness 2277) in paragraph at lines 13--13
\EU1/HoeflerText(0)/m/it/10 grund selbst- oder fremddefinierter Aufgaben, mit g
esellschaftlicher, materieller oder ideeller Bewer-
 []


Underfull \hbox (badness 1466) in paragraph at lines 13--13
\EU1/HoeflerText(0)/m/it/10 tung, zur Realisierung oder Weiterentwicklung indiv
idueller oder kollektiver Bed√ºrfnisse, Anspr√ºche
 []

[3


]
File: img/ArticulationWork/ArbeitInteraktion.png Graphic file (type QTm)
 <use  "img/ArticulationWork/ArbeitInteraktion.png" >
File: img/ArticulationWork/ArtikulationProduktion.png Graphic file (type QTm)

<use  "img/ArticulationWork/ArtikulationProduktion.png" >
Overfull \hbox (0.15192pt too wide) in paragraph at lines 31--33
\EU1/HoeflerText(0)/m/sl/12 sch√§tzt werden muss ([]Fujimura[], []1987[][]). ‚Ä
ûArticulation Work‚Äú ist kein klar abgegrenztes
 []

[4]
Underfull \hbox (badness 1052) in paragraph at lines 42--43
\EU1/HoeflerText(0)/m/sl/12 dig ist: [][]\EU1/HoeflerText(0)/m/it/12 ‚ÄûA usefu
l fundamental distinction between classes of interaction is between
 []

[5] [6]
Overfull \hbox (13.13953pt too wide) in paragraph at lines 56--57
[]\EU1/HoeflerText(0)/m/sl/12 Forschungsgebiet aus dem das Konstrukt ‚ÄùArticul
ation Work‚Äù
 []


Overfull \hbox (1.7306pt too wide) in paragraph at lines 58--59
[]\EU1/HoeflerText(0)/m/sl/12 Bei der Betrachtung der Untersuchungs-
 []


Overfull \hbox (1.10648pt too wide) in paragraph at lines 61--62
[]\EU1/HoeflerText(0)/m/sl/12 Tats√§chliche oder vermutete Auswirkungen der Unt
erst√ºt-
 []

[7] [8] [9]) (./MentaleModelle.tex [10]
Kapitel 2.

Underfull \vbox (badness 10000) has occurred while \output is active []

 [11


]))
[12]
\openout2 = `Werkzeug.aux'.

 (./Werkzeug.tex [13




]
Underfull \hbox (badness 10000) has occurred while \output is active
[][]
 []

[14] (./ImplementierungUeberblick.tex
Kapitel 3.

Overfull \hbox (40.62572pt too wide) in paragraph at lines 6--7
\EU1/HoeflerText(0)/m/sl/12 mit den Arbeiten von Ishii & Ullmer. Auch die erste
 Anwendung, die sich mit Modellierungs-
 []


Underfull \vbox (badness 10000) has occurred while \output is active []

 [15


]
LaTeX Font Info:    Try loading font information for OMS+HoeflerText(0) on inpu
t line 53.
LaTeX Font Info:    No file OMSHoeflerText(0).fd. on input line 53.
LaTeX Font Info:    Font shape `OMS/HoeflerText(0)/m/n' undefined
(Font)              using `OMS/cmsy/m/n' instead
(Font)              for symbol `textbullet' on input line 53.

[16]
LaTeX Font Info:    Font shape `OT1/HoeflerText(0)/bx/n' undefined
(Font)              using `OT1/HoeflerText(0)/m/n' instead
(Font)              for symbol `textendash' on input line 55.
) (./ImplementierungInput.tex [17]
Underfull \hbox (badness 10000) has occurred while \output is active
[][]
 []

[18


]
Kapitel 4.

Overfull \hbox (0.1946pt too wide) in paragraph at lines 12--13
\EU1/HoeflerText(0)/m/sl/12 Im Gegensatz zu Systemen mit dezidierten Eingabeger
√§ten (wie Tastatur oder Maus)
 []

[19]
Overfull \hbox (21.5557pt too wide) in paragraph at lines 23--24
\EU1/HoeflerText(0)/m/sl/12 Technologien, die eine Erfassung dieser Parameter m
it einer Genauigkeit im Zentimeter-
 []

[20] [21]
Overfull \hbox (1.31554pt too wide) in paragraph at lines 46--47
[]\EU1/HoeflerText(0)/m/sl/12 Kapazitive Systeme eignen sich also zur Positions
bestimmung, nicht aber zur Iden-
 []


Overfull \hbox (5.57098pt too wide) in paragraph at lines 59--60
\EU1/HoeflerText(0)/m/sl/12 des bei gleichzeitig beschr√§nkter Genauigkeit nur 
bedingt zur Feststellung von Raum-
 []

[22]
Overfull \hbox (0.11327pt too wide) in paragraph at lines 70--71
\EU1/HoeflerText(0)/m/sl/12 tisch) verdeckte Tokens. Eine Anf√§lligkeit gegen√º
ber anderen St√∂reinfl√ºssen besteht
 []

[23]
Overfull \hbox (3.1033pt too wide) in paragraph at lines 90--91
\EU1/HoeflerText(0)/m/sl/12 Hinsichtlich des Tokenzustands sind im Kontext des 
hier vorgestellten Anwendungs-
 []


Overfull \hbox (0.1168pt too wide) in paragraph at lines 100--101
\EU1/HoeflerText(0)/m/sl/12 ten Teilbereichen der Au√üenfl√§che eines Tokens. D
amit ist es grunds√§tzlich m√∂glich,
 []

[24]
Overfull \hbox (0.66061pt too wide) in paragraph at lines 112--113
\EU1/HoeflerText(0)/m/sl/12 ansonsten eventuell zu verwendende Kabel zu vermeid
en. Eine Stromversorung √ºber
 []

[25]
Overfull \hbox (0.33691pt too wide) in paragraph at lines 119--120
\EU1/HoeflerText(0)/m/sl/12 gleichzeitig verwendbaren Ger√§te (max. 7) f√ºr den
 hier vorgestellten Anwendungsfall
 []

[26]
Underfull \hbox (badness 1331) in paragraph at lines 140--141
\EU1/HoeflerText(0)/m/sl/12 macht. [][]\EU1/HoeflerText(0)/m/it/12 Frameworks f
√ºr video-basierten Input f√ºr Tangible Interfaces \EU1/HoeflerText(0)/m/sl/12 
sind hochs-
 []

[27] [28] [29]
Overfull \hbox (10.32051pt too wide) in paragraph at lines 185--186
\EU1/HoeflerText(0)/m/sl/12 ren‚Äú, ‚ÄûAggragtoren‚Äú und ‚ÄûAnwendungen / Aktu
atoren‚Äú (siehe Abbildung []4.1[]). ‚ÄûSensor‚Äú-
 []

[30]
File: img/ImplementierungInput/TUIpistArchitecture.jpg Graphic file (type QTm)
 <use  "img/ImplementierungInput/TUIpistArchitecture.jpg" >
Overfull \hbox (25.82309pt too wide) in paragraph at lines 194--195
[]\EU1/HoeflerText(0)/m/sl/12 Die Verbindung der Komponenten erfolgt wie erw√§h
nt mittels einem daten-zentrierten
 []

File: img/ImplementierungInput/TUIpistOperation.jpg Graphic file (type QTm)
<use  "img/ImplementierungInput/TUIpistOperation.jpg" >
Underfull \hbox (badness 2142) in paragraph at lines 199--199
[][]\EU1/HoeflerText(0)/m/sl/12 Zusammenspiel der Komponenten in TUIpist ([]Fur
tm[][]uller und
 []

[31] [32]
File: img/ImplementierungInput/artoolkit.jpg Graphic file (type QTm)
 <use  "img/ImplementierungInput/artoolkit.jpg" > [33]
File: img/ImplementierungInput/visualcodes.png Graphic file (type QTm)

<use  "img/ImplementierungInput/visualcodes.png" > [34]
File: img/ImplementierungInput/ReactivisionCode.png Graphic file (type QTm)

<use  "img/ImplementierungInput/ReactivisionCode.png" > [35]
Overfull \hbox (2.32306pt too wide) in paragraph at lines 293--294
[]\EU1/HoeflerText(0)/m/sl/12 ReacTIVision bietet die umfassendste Unterst√ºtzu
ng zur Einbindung unterschied-
 []

[36]
Underfull \hbox (badness 10000) in paragraph at lines 310--310
[]\EU1/HoeflerText(0)/m/sl/12 Kamera-
 []


Underfull \hbox (badness 10000) in paragraph at lines 310--310
[]\EU1/HoeflerText(0)/m/sl/12 nativ auf allen
 []


Underfull \hbox (badness 10000) in paragraph at lines 310--310
\EU1/HoeflerText(0)/m/sl/12 unterst√ºtzten
 []


Underfull \hbox (badness 10000) in paragraph at lines 310--310
\EU1/HoeflerText(0)/m/sl/12 Plattformen
 []


Underfull \hbox (badness 10000) in paragraph at lines 310--310
\EU1/HoeflerText(0)/m/sl/12 (Interfaces &
 []


Underfull \hbox (badness 10000) in paragraph at lines 310--310
[]\EU1/HoeflerText(0)/m/sl/12 nativ auf allen
 []


Underfull \hbox (badness 10000) in paragraph at lines 310--310
\EU1/HoeflerText(0)/m/sl/12 unterst√ºtzten
 []


Underfull \hbox (badness 10000) in paragraph at lines 311--311
[]\EU1/HoeflerText(0)/m/sl/12 Windows, Li-
 []


Underfull \hbox (badness 10000) in paragraph at lines 311--311
\EU1/HoeflerText(0)/m/sl/12 nux, Mac OS
 []


Underfull \hbox (badness 10000) in paragraph at lines 311--311
[]\EU1/HoeflerText(0)/m/sl/12 Java-basiert auf
 []


Underfull \hbox (badness 10000) in paragraph at lines 311--311
\EU1/HoeflerText(0)/m/sl/12 allen Plattfor-
 []


Underfull \hbox (badness 10000) in paragraph at lines 311--311
[]\EU1/HoeflerText(0)/m/sl/12 Windows, Li-
 []


Underfull \hbox (badness 10000) in paragraph at lines 311--311
\EU1/HoeflerText(0)/m/sl/12 nux, Mac OS
 []


Underfull \hbox (badness 10000) in paragraph at lines 312--312
[]\EU1/HoeflerText(0)/m/sl/12 Schnittstelle zu
 []


Underfull \hbox (badness 10000) in paragraph at lines 312--312
[]\EU1/HoeflerText(0)/m/sl/12 via Dritt-
 []


Underfull \hbox (badness 10000) in paragraph at lines 313--313
[]\EU1/HoeflerText(0)/m/sl/12 abh√§ngig von
 []


Underfull \hbox (badness 10000) in paragraph at lines 314--314
[]\EU1/HoeflerText(0)/m/sl/12 Kompensations-
 []


Underfull \hbox (badness 10000) in paragraph at lines 314--314
\EU1/HoeflerText(0)/m/sl/12 m√∂glichkeit
 []


Underfull \hbox (badness 10000) in paragraph at lines 314--314
\EU1/HoeflerText(0)/m/sl/12 bei schlechten
 []


Underfull \hbox (badness 10000) in paragraph at lines 314--314
\EU1/HoeflerText(0)/m/sl/12 Lichtbedingun-
 []


Underfull \hbox (badness 10000) in paragraph at lines 315--315
\EU1/HoeflerText(0)/m/sl/12 der Bilderken-
 []


Underfull \hbox (badness 10000) in paragraph at lines 316--316
[]\EU1/HoeflerText(0)/m/sl/12 Anzahl von
 []


Underfull \hbox (badness 10000) in paragraph at lines 316--316
\EU1/HoeflerText(0)/m/sl/12 gleichzeitig
 []


Underfull \hbox (badness 10000) in paragraph at lines 316--316
\EU1/HoeflerText(0)/m/sl/12 erkennbaren
 []


Underfull \hbox (badness 10000) in paragraph at lines 317--317
[]\EU1/HoeflerText(0)/m/sl/12 Erkennung von
 []


Underfull \hbox (badness 10000) in paragraph at lines 318--318
[]\EU1/HoeflerText(0)/m/sl/12 Erkennung von
 []


Underfull \hbox (badness 10000) in paragraph at lines 319--319
[]\EU1/HoeflerText(0)/m/sl/12 Kopplung von
 []


Underfull \hbox (badness 4726) in paragraph at lines 319--319
\EU1/HoeflerText(0)/m/sl/12 Framework und
 []


Underfull \hbox (badness 10000) in paragraph at lines 320--320
[]\EU1/HoeflerText(0)/m/sl/12 Source-Code
 []


Underfull \hbox (badness 10000) in paragraph at lines 321--321
[]\EU1/HoeflerText(0)/m/sl/12 GPL, alternativ
 []


Underfull \vbox (badness 10000) has occurred while \output is active []

 [37]
[38] [39]
Overfull \hbox (0.67482pt too wide) in paragraph at lines 350--351
[]\EU1/HoeflerText(0)/m/sl/12 Hinsichtlich der Skalierbarkeit der Frameworks k√
∂nnen aufgrund mangelnder Ver-
 []


Underfull \vbox (badness 10000) has occurred while \output is active []

 [40]
Underfull \hbox (badness 10000) in paragraph at lines 356--356
[]\EU1/HoeflerText(0)/m/sl/12 Context
 []


Underfull \hbox (badness 10000) in paragraph at lines 356--356
[]\EU1/HoeflerText(0)/m/sl/12 SiLiCon
 []


Underfull \hbox (badness 10000) in paragraph at lines 356--356
\EU1/HoeflerText(0)/m/sl/12 Context
 []


Underfull \hbox (badness 10000) in paragraph at lines 356--356
\EU1/HoeflerText(0)/m/sl/12 Frame-
 []


Overfull \hbox (8.67456pt too wide) in paragraph at lines 356--356
[]\EU1/HoeflerText(0)/m/sl/12 Papiermach√©| 
 []


Underfull \hbox (badness 10000) in paragraph at lines 358--358
[]\EU1/HoeflerText(0)/m/sl/12 Erweiterbarkeit
 []


Underfull \hbox (badness 4416) in paragraph at lines 359--359
[]\EU1/HoeflerText(0)/m/sl/12 dynamisch kon-
 []


Underfull \hbox (badness 6173) in paragraph at lines 359--359
\EU1/HoeflerText(0)/m/sl/12 figurierbare Or-
 []


Underfull \hbox (badness 10000) in paragraph at lines 361--361
\EU1/HoeflerText(0)/m/sl/12 Weiterleitung
 []


Overfull \hbox (3.6346pt too wide) in paragraph at lines 361--361
[]\EU1/HoeflerText(0)/m/sl/12 ausreichend| 
 []


Underfull \hbox (badness 10000) in paragraph at lines 362--362
[]\EU1/HoeflerText(0)/m/sl/12 Open-
 []


Underfull \hbox (badness 10000) in paragraph at lines 362--362
\EU1/HoeflerText(0)/m/sl/12 Source
 []


Underfull \hbox (badness 10000) in paragraph at lines 362--362
\EU1/HoeflerText(0)/m/sl/12 (nicht
 []


Underfull \hbox (badness 10000) in paragraph at lines 362--362
\EU1/HoeflerText(0)/m/sl/12 n√§her
 []


Underfull \hbox (badness 10000) in paragraph at lines 362--362
[]\EU1/HoeflerText(0)/m/sl/12 Eigen-
 []


Overfull \hbox (5.18274pt too wide) in paragraph at lines 362--362
\EU1/HoeflerText(0)/m/sl/12 entwicklung| 
 []

[41]
Underfull \vbox (badness 10000) has occurred while \output is active []

 [42]
File: img/ImplementierungInput/TischSeitenansichtInput.png Graphic file (type Q
Tm)

<use  "img/ImplementierungInput/TischSeitenansichtInput.png" > [43]
Overfull \hbox (10.67116pt too wide) in paragraph at lines 405--406
\EU1/HoeflerText(0)/m/sl/12 In diesem Abschnitt werden die einzelnen durch die 
Benutzer manipulierbaren Token-
 []

File: img/ImplementierungInput/TokensCodes.jpg Graphic file (type QTm)
<use  "img/ImplementierungInput/TokensCodes.jpg" >
File: img/ImplementierungInput/TokenTypes.jpg Graphic file (type QTm)

<use  "img/ImplementierungInput/TokenTypes.jpg" > [44]
File: img/ImplementierungInput/ContainerRueckseite.jpg Graphic file (type QTm)

<use  "img/ImplementierungInput/ContainerRueckseite.jpg" > [45]
File: img/ImplementierungInput/ContainerToken.jpg Graphic file (type QTm)

<use  "img/ImplementierungInput/ContainerToken.jpg" > [46]
File: img/ImplementierungInput/ElementTaxonomie.png Graphic file (type QTm)

<use  "img/ImplementierungInput/ElementTaxonomie.png" > [47] [48]
Overfull \hbox (23.73668pt too wide) in paragraph at lines 491--492
\EU1/HoeflerText(0)/m/sl/12 zudem das Token auf der Oberfl√§che aufgesetzt und 
erkannt wird. Wird ein Markierungs-
 []


Overfull \hbox (0.22076pt too wide) in paragraph at lines 497--498
\EU1/HoeflerText(0)/m/sl/12 dung das L√∂schen derselben ausl√∂sen. Der detailli
erte zugeh√∂rige Interaktionsablauf
 []


Underfull \vbox (badness 10000) has occurred while \output is active []

 [49]
Overfull \hbox (7.57686pt too wide) in paragraph at lines 513--514
\EU1/HoeflerText(0)/m/sl/12 fen und in ihrer zeitlichen Sequenz dargestellt wer
den. Zur Aktivierung des Historien-
 []

[50] [51] [52]
Overfull \hbox (3.68416pt too wide) in paragraph at lines 539--540
\EU1/HoeflerText(0)/m/sl/12 wenn starke Sonneneinstrahlung vorhanden ist, da di
ese einen hohen Anteil an Lichts
 []


Overfull \hbox (1.004pt too wide) in paragraph at lines 541--542
[]\EU1/HoeflerText(0)/m/sl/12 Bei Umgebungslicht-Bedingungen, die sich √ºber di
e Zeit ver√§ndern (z.B. bei Tages-
 []


Overfull \hbox (14.24683pt too wide) in paragraph at lines 541--542
\EU1/HoeflerText(0)/m/sl/12 keit kann das ReacTIVision-Framework durch den adap
tiven Erkennungs-Algorithmus
 []


Underfull \vbox (badness 10000) has occurred while \output is active []

 [53]
Overfull \hbox (4.42336pt too wide) in paragraph at lines 557--558
\EU1/HoeflerText(0)/m/sl/12 Modellierungsproblematik, nicht aber durch technisc
he Einschr√§nkungen, vor-
 []

[54] [55]
Underfull \vbox (badness 10000) has occurred while \output is active []

 [56]
[57] [58]
Overfull \hbox (8.4318pt too wide) in paragraph at lines 615--616
\EU1/HoeflerText(0)/m/sl/12 einbettbaren Tokens, dessen Form die Art der einzub
ettenden Information bestimmt.
 []

[59]
Overfull \hbox (29.32906pt too wide) in paragraph at lines 619--620
\EU1/HoeflerText(0)/m/sl/12 teraktionsablauf definiert. Dieser beginnt mit dem 
√ñffnen des entsprechenden Container-
 []


Underfull \vbox (badness 10000) has occurred while \output is active []

 [60]
Overfull \hbox (32.77051pt too wide) in paragraph at lines 630--631
[]\EU1/HoeflerText(0)/m/sl/12 Die Navigation durch die Modellierungshistorie er
folgt mittels einem runden Werkzeug-
 []

[61]
Overfull \hbox (1.36345pt too wide) in paragraph at lines 644--645
[]\EU1/HoeflerText(0)/m/sl/12 die Komponente, die f√ºr die Stabilisierung der E
rkennungsleistung sorgt, wenn
 []

[62]
File: img/ImplementierungInput/InputArchitecture.png Graphic file (type QTm)
 <use  "img/ImplementierungInput/InputArchitecture.png" >
Overfull \hbox (8.53766pt too wide) in paragraph at lines 653--654
 [][] 
 []


Overfull \hbox (4.61461pt too wide) in paragraph at lines 663--664
\EU1/HoeflerText(0)/m/sl/12 das die Auswertung der Nachricht √ºbernimmt und √ºb
er einen Callback-Mechanismus
 []


Overfull \hbox (0.76773pt too wide) in paragraph at lines 663--664
\EU1/HoeflerText(0)/m/sl/12 server), das bei der Entwicklung wiederverwendbarer
 objektorientierter Software als
 []

[63] [64]
Overfull \hbox (1.97589pt too wide) in paragraph at lines 676--677
\EU1/HoeflerText(0)/m/sl/12 leuchtungsbedingungen zu Erkennungsproblemen oder F
ehlerkennungen neigt, wur-
 []


Underfull \vbox (badness 5970) has occurred while \output is active []

 [65]
[66]
Overfull \hbox (11.22667pt too wide) in paragraph at lines 685--686
[]\EU1/HoeflerText(0)/m/sl/12 Um das ‚ÄûCursorflackern‚Äú zu verhindern kann ei
nerseits auf Seiten des ReacTIVision-
 []

[67]
Overfull \hbox (0.50478pt too wide) in paragraph at lines 698--699
\EU1/HoeflerText(0)/m/sl/12 che (und demnach gesperrte) Position getroffen wird
. ‚ÄûSpotlights‚Äú sind demhingegen
 []


Underfull \vbox (badness 10000) has occurred while \output is active []

 [68]
Overfull \hbox (1.27261pt too wide) in paragraph at lines 700--702
[]\EU1/HoeflerText(0)/m/sl/12 Ein weiteres Problem, das durch ‚ÄûSpotlights‚Äú 
verursacht wird, die von unten auf die
 []


Overfull \hbox (0.10405pt too wide) in paragraph at lines 706--707
\EU1/HoeflerText(0)/m/sl/12 √úberstrahlte Bereiche k√∂nnen auftreten, wenn sich
 externe Lichtquellen direkt √ºber
 []

[69] [70] [71]
Underfull \vbox (badness 10000) has occurred while \output is active []

 [72]
[73]
Overfull \hbox (12.89091pt too wide) in paragraph at lines 747--748
\EU1/HoeflerText(0)/m/sl/12 Grunds√§tzlich k√∂nnte eine Zuordnung zwischen √ñff
nungs-Marker und Modellierungs-
 []


Overfull \hbox (9.29884pt too wide) in paragraph at lines 752--753
\EU1/HoeflerText(0)/m/sl/12 Im Zusammenhang mit der Erkennung von ge√∂ffneten T
okens kann auch die software-
 []


Overfull \hbox (0.50908pt too wide) in paragraph at lines 752--753
\EU1/HoeflerText(0)/m/sl/12 seitige Behandlung von eingebetteter Information be
schrieben werden. Diese wurde
 []

[74]
Overfull \hbox (16.59247pt too wide) in paragraph at lines 762--763
\EU1/HoeflerText(0)/m/sl/12 werten muss. Das Signal der Registrierungskamera wi
rd von einer zweite ReacTIVision-
 []


Underfull \vbox (badness 10000) has occurred while \output is active []

 [75]
Overfull \hbox (1.20894pt too wide) in paragraph at lines 779--780
\EU1/HoeflerText(0)/m/sl/12 die Verwendung derselben ben√∂tigt. Um die Eingabe 
trotz des ‚ÄûMedienbruchs‚Äú m√∂g-
 []

[76] [77] [78] [79] [80] [81]) (./ImplementierungOutput.tex [82]
Kapitel 5.

Overfull \hbox (2.16383pt too wide) in paragraph at lines 8--9
\EU1/HoeflerText(0)/m/sl/12 Software-Frameworks beschrieben, die die Realisieru
ng der gew√§hlten Ausgabekan√§-
 []

[83


] [84]
Overfull \hbox (1.09102pt too wide) in paragraph at lines 47--48
\EU1/HoeflerText(0)/m/sl/12 staltetes Interface ist hinsichtlich seiner Auspr√§
gung in der Embodiment-Dimension
 []

[85]
Overfull \hbox (11.24474pt too wide) in paragraph at lines 60--61
\EU1/HoeflerText(0)/m/sl/12 dung von Displays notwendig. Bei der Verwendung von
 herk√∂mmlichen LCD-Displays
 []

[86] [87]
Overfull \hbox (0.41104pt too wide) in paragraph at lines 75--76
[]\EU1/HoeflerText(0)/m/sl/12 Im Bereich der Tabletop Interfaces ist die Verwen
dung von Aktuatoren eher selten
 []


Overfull \hbox (4.53581pt too wide) in paragraph at lines 87--88
[]\EU1/HoeflerText(0)/m/sl/12 Die Auspr√§gung ‚Äùdistant‚Äù kennzeichnet Ans√§t
ze, in denen die Eingabekan√§le r√§um-
 []


Underfull \vbox (badness 10000) has occurred while \output is active []

 [88]
Overfull \hbox (24.88068pt too wide) in paragraph at lines 110--111
\EU1/HoeflerText(0)/m/sl/12 die in die Kategorie ‚Äùenvironmental Embodiment‚Äù
 eingeordnet werden. Audio-Interfaces
 []

[89]
Overfull \hbox (1.97165pt too wide) in paragraph at lines 112--113
[]\EU1/HoeflerText(0)/m/sl/12 Die ausgegebene Information kann abstrakt, codier
t oder nat√ºrlichsprachlich sein.
 []

[90]
Overfull \hbox (1.9515pt too wide) in paragraph at lines 129--130
\EU1/HoeflerText(0)/m/sl/12 haupts√§chliche Ausgabekanal ist die Tischoberfl√§c
he, auf ihr wird Information ‚Äùnear-
 []

File: img/ImplementierungInput/TischSeitenansichtOutput.png Graphic file (type 
QTm)
<use  "img/ImplementierungInput/TischSeitenansichtOutput.png" >
Underfull \vbox (badness 10000) has occurred while \output is active []

 [91]
Overfull \hbox (37.34392pt too wide) in paragraph at lines 145--146
\EU1/HoeflerText(0)/m/sl/12 bekan√§le erhoben wurde, visuell ausgeben und zus√§
tzlich den Modellierungsunterst√ºtzungs-
 []


Overfull \hbox (21.62784pt too wide) in paragraph at lines 157--158
[] \EU1/GillSans(0)/bx/n/12 JHotDraw[][] \EU1/HoeflerText(0)/m/sl/12 Das JHotDr
aw-Framework (REF Gamma) ist eine Java-Implementierung
 []

[92]
Overfull \hbox (12.06306pt too wide) in paragraph at lines 179--180
\EU1/HoeflerText(0)/m/sl/12 In diesem Abschnitt wird nun auf Basis der eben get
roffenen Framework-Entscheidung
 []

[93] [94]
Underfull \vbox (badness 10000) has occurred while \output is active []

 [95])
(./ImplementierungPersistence.tex [96] [97]
Underfull \hbox (badness 10000) has occurred while \output is active
[][]
 []

[98


]
Kapitel 6.

Underfull \vbox (badness 1776) has occurred while \output is active []

 [99]
File: img/Persistenz/TMBasic.png Graphic file (type QTm)

<use  "img/Persistenz/TMBasic.png" > [100]
File: img/Persistenz/TMFull.png Graphic file (type QTm)
 <use  "img/Persistenz/TMFull.png" >
[101] [102]
File: img/Persistenz/SubjectVsOccurrence.png Graphic file (type QTm)
 <use  "img/Persistenz/SubjectVsOccurrence.png" >
File: img/Persistenz/TopicNaming.png Graphic file (type QTm)

<use  "img/Persistenz/TopicNaming.png" > [103] [104] [105]
File: img/Persistenz/MetaModelExample.png Graphic file (type QTm)

<use  "img/Persistenz/MetaModelExample.png" > [106] [107] [108]
File: img/Persistenz/Scope.png Graphic file (type QTm)

<use  "img/Persistenz/Scope.png" > [109] [110]
Underfull \vbox (badness 1400) has occurred while \output is active []

 [111]
File: img/Persistenz/AssociationReification.png Graphic file (type QTm)

<use  "img/Persistenz/AssociationReification.png" >
Overfull \hbox (1.56714pt too wide) in paragraph at lines 178--180
[]\EU1/HoeflerText(0)/m/sl/12 Die Bedeutung der Knoten des abzubildenden Modell
s im Kontext einer bestimm-
 []

[112] [113]
Overfull \hbox (0.79103pt too wide) in paragraph at lines 197--198
\EU1/HoeflerText(0)/m/sl/12 Endpunkten einer Kantenkategorie und den Knotenkate
gorien, die diese End-
 []

File: img/Persistenz/MetaModelDef.png Graphic file (type QTm)
<use  "img/Persistenz/MetaModelDef.png" > [114] [115]
File: img/Persistenz/MetaMetaModelDef.png Graphic file (type QTm)

<use  "img/Persistenz/MetaMetaModelDef.png" > [116] [117] [118])) [119]
\openout2 = `Evaluierung.aux'.


(./Evaluierung.tex
Underfull \hbox (badness 10000) has occurred while \output is active
[][]
 []

[120




] [121]
Underfull \hbox (badness 10000) has occurred while \output is active
[][]
 []

[122]
Kapitel 7.
[123


]
Overfull \hbox (2.55486pt too wide) in paragraph at lines 38--40
\EU1/HoeflerText(0)/m/sl/12 und Befragung modellierender Personen sowie der Unt
ersuchung der Modellierungs-
 []


Overfull \hbox (0.65707pt too wide) in paragraph at lines 38--40
\EU1/HoeflerText(0)/m/sl/12 teraktion sondern die Verwendung des Werkzeugs selb
st untersucht werden soll. Die
 []


Underfull \vbox (badness 10000) has occurred while \output is active []

 [124]
[125]
Underfull \hbox (badness 10000) has occurred while \output is active
[][]
 []

[126


]
Kapitel 8.
) [127] (./Schrift.bbl
Underfull \hbox (badness 10000) has occurred while \output is active
[][]
 []

[128



] [129] [130] [131]
Underfull \hbox (badness 1270) in paragraph at lines 250--254
\EU1/HoeflerText(0)/m/it/12 International Conference on Distributed Computing S
ystems Workshops, 2005\EU1/HoeflerText(0)/m/sl/12 , Sei-
 []


Underfull \hbox (badness 2961) in paragraph at lines 311--315
[]\EU1/HoeflerText(0)/m/sl/12 Stary, C. (1994).  \EU1/HoeflerText(0)/m/it/12 In
teraktive Systeme: Softwareentwicklung und Softwareergono-
 []

[132]
Overfull \hbox (0.56754pt too wide) in paragraph at lines 337--341
[]\EU1/HoeflerText(0)/m/sl/12 Van Laerhoven, K., Villar, N., Schmidt, A., Gelle
rsen, H., Hakansson, M., und Holm-
 []

) (./Schrift.ind [133]
Underfull \hbox (badness 10000) has occurred while \output is active
[][]
 []

[134


] [135




]) (./Schrift.acr)
\openout2 = `AnhangBildquellen.aux'.

 (./AnhangBildquellen.tex
Underfull \hbox (badness 10000) has occurred while \output is active
[][]
 []

[136




]
Anhang A.

Overfull \hbox (6.82324pt too wide) in paragraph at lines 6--7
\EU1/HoeflerText(0)/m/sl/12 freigestellte-bilder/essen-trinken/kaffee-tasse-fre
igestellt/, √ºbrige Abbildung ei-
 []

) [137]
Package minitoc Info: <I0009>
(minitoc)             Listing minitoc auxiliary files. 
(minitoc)             Creating the Schrift.maf file.
\openout4 = `Schrift.maf'.



Package minitoc(hints) Warning: <W0024>
(minitoc(hints))                Some hints have been written 
(minitoc(hints))                in the Schrift.log file.

(./Schrift.aux (./Grundlagen.aux) (./Werkzeug.aux) (./Evaluierung.aux)
(./AnhangBildquellen.aux))
LaTeX Font Info:    Some font shapes were not available, defaults substituted.
 ) 
Here is how much of TeX's memory you used:
 11015 strings out of 94863
 177023 string characters out of 1171490
 340405 words of memory out of 1500000
 13668 multiletter control sequences out of 10000+50000
 10164 words of font info for 63 fonts, out of 1200000 for 2000
 605 hyphenation exceptions out of 8191
 35i,11n,44p,2572b,543s stack positions out of 5000i,500n,6000p,200000b,5000s

Output written on Schrift.pdf (149 pages).
